<?xml version="1.0" encoding="UTF-8"?>
<!-- Generated by org.testng.reporters.JUnitReportReporter -->
<testsuite hostname="Anirudhs-MacBook-Pro.local" failures="0" tests="1" name="testing.uoloweb.Testscripts.TC3_SendImage" time="26.140" errors="0" timestamp="2022-01-06T00:22:08 IST" skipped="0">
  <testcase classname="testing.uoloweb.Testscripts.TC3_SendImage" name="Image" time="26.140"/>
  <system-out/>
</testsuite> <!-- testing.uoloweb.Testscripts.TC3_SendImage -->
