<?xml version="1.0" encoding="UTF-8"?>
<!-- Generated by org.testng.reporters.JUnitReportReporter -->
<testsuite hostname="Anirudhs-MacBook-Pro.local" failures="0" tests="1" name="testing.uoloweb.Testscripts.TC4_Group_Manage" time="45.157" errors="0" timestamp="2022-02-01T17:42:42 IST" skipped="0">
  <testcase classname="testing.uoloweb.Testscripts.TC4_Group_Manage" name="Groups" time="45.157"/>
  <system-out/>
</testsuite> <!-- testing.uoloweb.Testscripts.TC4_Group_Manage -->
