<?xml version="1.0" encoding="UTF-8"?>
<!-- Generated by org.testng.reporters.JUnitReportReporter -->
<testsuite hostname="Anirudhs-MacBook-Pro.local" failures="0" tests="1" name="Test.Uolo_Web.Testscripts.TC1" time="4.311" errors="0" timestamp="2021-12-27T23:23:03 IST" skipped="0">
  <testcase classname="Test.Uolo_Web.Testscripts.TC1" name="login" time="4.311"/>
  <system-out/>
</testsuite> <!-- Test.Uolo_Web.Testscripts.TC1 -->
