<?xml version="1.0" encoding="UTF-8"?>
<!-- Generated by org.testng.reporters.JUnitReportReporter -->
<testsuite hostname="Anirudhs-MacBook-Pro.local" failures="0" tests="1" name="testing.uoloweb.Testscripts.TC4_SendDoc_PDF" time="27.468" errors="0" timestamp="2022-01-11T00:22:08 IST" skipped="0">
  <testcase classname="testing.uoloweb.Testscripts.TC4_SendDoc_PDF" name="Send_PDF" time="27.468"/>
  <system-out/>
</testsuite> <!-- testing.uoloweb.Testscripts.TC4_SendDoc_PDF -->
