<?xml version="1.0" encoding="UTF-8"?>
<!-- Generated by org.testng.reporters.JUnitReportReporter -->
<testsuite hostname="Anirudhs-MacBook-Pro.local" failures="0" tests="1" name="testing.uoloweb.Testscripts.TC2_SendText" time="47.307" errors="0" timestamp="2022-02-02T15:17:07 IST" skipped="0">
  <testcase classname="testing.uoloweb.Testscripts.TC2_SendText" name="Send_TextNote" time="47.307"/>
  <system-out/>
</testsuite> <!-- testing.uoloweb.Testscripts.TC2_SendText -->
