<?xml version="1.0" encoding="UTF-8"?>
<!-- Generated by org.testng.reporters.JUnitReportReporter -->
<testsuite hostname="Anirudhs-MacBook-Pro.local" failures="0" tests="1" name="testing.uoloweb.Testscripts.TC1" time="15.766" errors="0" timestamp="2021-12-28T23:53:03 IST" skipped="0">
  <testcase classname="testing.uoloweb.Testscripts.TC1" name="in" time="15.766"/>
  <system-out/>
</testsuite> <!-- testing.uoloweb.Testscripts.TC1 -->
