<?xml version="1.0" encoding="UTF-8"?>
<!-- Generated by org.testng.reporters.JUnitReportReporter -->
<testsuite hostname="Anirudhs-MacBook-Pro.local" failures="0" tests="1" name="testing.uoloweb.Testscripts.TC2" time="25.713" errors="0" timestamp="2021-12-29T01:27:06 IST" skipped="0">
  <testcase classname="testing.uoloweb.Testscripts.TC2" name="Send_TextNote" time="25.713"/>
  <system-out/>
</testsuite> <!-- testing.uoloweb.Testscripts.TC2 -->
